[33mThe CJS build of Vite's Node API is deprecated. See https://vite.dev/guide/troubleshooting.html#vite-cjs-node-api-deprecated for more details.[39m

[7m[1m[36m RUN [39m[22m[27m [36mv1.6.1[39m [90mC:/Users/yashr/Desktop/Service Desk Lite/apps/api[39m

 [33mâ¯[39m src/__tests__/auth.routes.test.ts [2m ([22m[2m10 tests[22m [2m|[22m [31m3 failed[39m[2m)[22m[90m 168[2mms[22m[39m
[31m   [33mâ¯[31m src/__tests__/auth.routes.test.ts[2m > [22mAuth Routes[2m > [22mPOST /auth/signup[2m > [22mshould create a new user successfully[39m
[31m     â†’ expected 500 to be 201 // Object.is equality[39m
[31m   [33mâ¯[31m src/__tests__/auth.routes.test.ts[2m > [22mAuth Routes[2m > [22mPOST /auth/login[2m > [22mshould login user successfully[39m
[31m     â†’ expected 500 to be 200 // Object.is equality[39m
[31m   [33mâ¯[31m src/__tests__/auth.routes.test.ts[2m > [22mAuth Routes[2m > [22mPOST /auth/logout[2m > [22mshould logout user successfully[39m
[31m     â†’ expected 500 to be 200 // Object.is equality[39m

[31mâ¯â¯â¯â¯â¯â¯â¯[1m[7m Failed Tests 3 [27m[22mâ¯â¯â¯â¯â¯â¯â¯[39m

[31m[1m[7m FAIL [27m[22m[39m src/__tests__/auth.routes.test.ts[2m > [22mAuth Routes[2m > [22mPOST /auth/signup[2m > [22mshould create a new user successfully
[31m[1mAssertionError[22m: expected 500 to be 201 // Object.is equality[39m

[32m- Expected[39m
[31m+ Received[39m

[32m- 201[39m
[31m+ 500[39m

[36m [2mâ¯[22m src/__tests__/auth.routes.test.ts:[2m73:35[22m[39m
    [90m 71| [39m      })[33m;[39m
    [90m 72| [39m
    [90m 73| [39m      [34mexpect[39m(response[33m.[39mstatusCode)[33m.[39m[34mtoBe[39m([34m201[39m)[33m;[39m
    [90m   | [39m                                  [31m^[39m
    [90m 74| [39m      [35mconst[39m body [33m=[39m [33mJSON[39m[33m.[39m[34mparse[39m(response[33m.[39mbody)[33m;[39m
    [90m 75| [39m      [34mexpect[39m(body[33m.[39mdata[33m.[39muser[33m.[39memail)[33m.[39m[34mtoBe[39m([32m'newuser@example.com'[39m)[33m;[39m

[31m[2mâ¯â¯â¯â¯â¯â¯â¯â¯â¯â¯â¯â¯â¯â¯â¯â¯â¯â¯â¯â¯â¯â¯â¯â¯[1/3]â¯[22m[39m

[31m[1m[7m FAIL [27m[22m[39m src/__tests__/auth.routes.test.ts[2m > [22mAuth Routes[2m > [22mPOST /auth/login[2m > [22mshould login user successfully
[31m[1mAssertionError[22m: expected 500 to be 200 // Object.is equality[39m

[32m- Expected[39m
[31m+ Received[39m

[32m- 200[39m
[31m+ 500[39m

[36m [2mâ¯[22m src/__tests__/auth.routes.test.ts:[2m152:35[22m[39m
    [90m150| [39m      })[33m;[39m
    [90m151| [39m
    [90m152| [39m      [34mexpect[39m(response[33m.[39mstatusCode)[33m.[39m[34mtoBe[39m([34m200[39m)[33m;[39m
    [90m   | [39m                                  [31m^[39m
    [90m153| [39m      [35mconst[39m body [33m=[39m [33mJSON[39m[33m.[39m[34mparse[39m(response[33m.[39mbody)[33m;[39m
    [90m154| [39m      [34mexpect[39m(body[33m.[39mdata[33m.[39muser[33m.[39memail)[33m.[39m[34mtoBe[39m([32m'user@example.com'[39m)[33m;[39m

[31m[2mâ¯â¯â¯â¯â¯â¯â¯â¯â¯â¯â¯â¯â¯â¯â¯â¯â¯â¯â¯â¯â¯â¯â¯â¯[2/3]â¯[22m[39m

[31m[1m[7m FAIL [27m[22m[39m src/__tests__/auth.routes.test.ts[2m > [22mAuth Routes[2m > [22mPOST /auth/logout[2m > [22mshould logout user successfully
[31m[1mAssertionError[22m: expected 500 to be 200 // Object.is equality[39m

[32m- Expected[39m
[31m+ Received[39m

[32m- 200[39m
[31m+ 500[39m

[36m [2mâ¯[22m src/__tests__/auth.routes.test.ts:[2m204:35[22m[39m
    [90m202| [39m      })[33m;[39m
    [90m203| [39m
    [90m204| [39m      [34mexpect[39m(response[33m.[39mstatusCode)[33m.[39m[34mtoBe[39m([34m200[39m)[33m;[39m
    [90m   | [39m                                  [31m^[39m
    [90m205| [39m      [35mconst[39m body [33m=[39m [33mJSON[39m[33m.[39m[34mparse[39m(response[33m.[39mbody)[33m;[39m
    [90m206| [39m      [34mexpect[39m(body[33m.[39mdata[33m.[39mmessage)[33m.[39m[34mtoBe[39m([32m'Logged out successfully'[39m)[33m;[39m

[31m[2mâ¯â¯â¯â¯â¯â¯â¯â¯â¯â¯â¯â¯â¯â¯â¯â¯â¯â¯â¯â¯â¯â¯â¯â¯[3/3]â¯[22m[39m

[2m Test Files [22m [1m[31m1 failed[39m[22m[90m (1)[39m
[2m      Tests [22m [1m[31m3 failed[39m[22m[2m | [22m[1m[32m7 passed[39m[22m[90m (10)[39m
[2m   Start at [22m 20:14:08
[2m   Duration [22m 1.31s[2m (transform 121ms, setup 0ms, collect 482ms, tests 168ms, environment 0ms, prepare 342ms)[22m

